input list: /home/comparat/wwwDir/sdss/elg/stacks/KZ/v2/catalog_lowz_AGN.dat
R= 4343.0
[4373. 4360. 6717. ... 5974. 4386. 6704.] [55811. 55539. 56397. ... 56314. 55540. 56388.] [326. 295. 386. ... 888. 486. 186.] [0.11631896 0.22480734 0.23983122 ... 0.29867315 0.2968235  0.27623257]
value / file not found error ! 5046.0 56243.0 717.0
value / file not found error ! 7604.0 56947.0 808.0
value / file not found error ! 10000.0 57346.0 944.0
value / file not found error ! 6692.0 56390.0 221.0
value / file not found error ! 6692.0 56390.0 505.0
value / file not found error ! 6692.0 56390.0 507.0
value / file not found error ! 7653.0 57306.0 850.0
value / file not found error ! 7606.0 56977.0 319.0
value / file not found error ! 7632.0 56987.0 426.0
value / file not found error ! 5965.0 56190.0 1.0
value / file not found error ! 7619.0 56900.0 511.0
value / file not found error ! 7632.0 56987.0 656.0
value / file not found error ! 5048.0 56218.0 808.0
value / file not found error ! 4388.0 55536.0 808.0
value / file not found error ! 6719.0 56390.0 764.0
value / file not found error ! 6706.0 56385.0 756.0
value / file not found error ! 6694.0 56386.0 38.0
value / file not found error ! 7654.0 57330.0 980.0
value / file not found error ! 6707.0 56383.0 505.0
value / file not found error ! 6707.0 56383.0 541.0
value / file not found error ! 6694.0 56386.0 756.0
value / file not found error ! 5967.0 56063.0 1.0
value / file not found error ! 5992.0 56066.0 221.0
value / file not found error ! 7656.0 57338.0 462.0
value / file not found error ! 6708.0 56452.0 764.0
value / file not found error ! 4390.0 55948.0 756.0
value / file not found error ! 6695.0 56628.0 656.0
value / file not found error ! 6006.0 56105.0 172.0
value / file not found error ! 7656.0 57338.0 886.0
value / file not found error ! 5113.0 55924.0 541.0
value / file not found error ! 4391.0 55866.0 280.0
value / file not found error ! 5967.0 56063.0 905.0
value / file not found error ! 6696.0 56398.0 505.0
value / file not found error ! 5993.0 56070.0 319.0
value / file not found error ! 4405.0 55854.0 319.0
value / file not found error ! 7635.0 56979.0 963.0
value / file not found error ! 3647.0 55827.0 753.0
value / file not found error ! 7609.0 56959.0 944.0
value / file not found error ! 4405.0 55854.0 808.0
value / file not found error ! 6697.0 56419.0 114.0
value / file not found error ! 7658.0 57312.0 547.0
value / file not found error ! 5994.0 56101.0 717.0
value / file not found error ! 3606.0 55182.0 796.0
value / file not found error ! 5969.0 56069.0 756.0
value / file not found error ! 4367.0 55566.0 541.0
value / file not found error ! 5066.0 55749.0 980.0
value / file not found error ! 6698.0 56637.0 601.0
value / file not found error ! 6698.0 56637.0 734.0
value / file not found error ! 3662.0 55182.0 736.0
value / file not found error ! 5995.0 56093.0 717.0
value / file not found error ! 5983.0 56310.0 10.0
value / file not found error ! 5983.0 56310.0 16.0
value / file not found error ! 7638.0 56981.0 351.0
value / file not found error ! 7625.0 57011.0 656.0
value / file not found error ! 7638.0 56981.0 426.0
value / file not found error ! 4394.0 55924.0 511.0
value / file not found error ! 5996.0 56096.0 172.0
value / file not found error ! 4381.0 55824.0 808.0
value / file not found error ! 5970.0 56072.0 980.0
value / file not found error ! 4382.0 55742.0 808.0
value / file not found error ! 5118.0 55830.0 10.0
value / file not found error ! 6713.0 56402.0 880.0
value / file not found error ! 4395.0 55828.0 980.0
value / file not found error ! 7614.0 57307.0 351.0
value / file not found error ! 7614.0 57307.0 553.0
value / file not found error ! 6727.0 56369.0 656.0
value / file not found error ! 7614.0 57307.0 656.0
value / file not found error ! 5972.0 56334.0 656.0
value / file not found error ! 5120.0 55895.0 136.0
value / file not found error ! 7628.0 56978.0 764.0
value / file not found error ! 7628.0 56978.0 963.0
value / file not found error ! 5973.0 56067.0 541.0
value / file not found error ! 5973.0 56067.0 756.0
value / file not found error ! 3667.0 55186.0 632.0
value / file not found error ! 6703.0 56636.0 637.0
value / file not found error ! 3655.0 55240.0 808.0
value / file not found error ! 3615.0 56219.0 764.0
value / file not found error ! 7630.0 57006.0 445.0
value / file not found error ! 6730.0 56425.0 656.0
value / file not found error ! 6704.0 56388.0 38.0
value / file not found error ! 6730.0 56425.0 734.0
/home/comparat/wwwDir/sdss/elg/stacks/KZ/v2/catalog_lowz_AGN.stack
now stacks
stack written to /home/comparat/wwwDir/sdss/elg/stacks/KZ/v2/catalog_lowz_AGN.stack
input list: /home/comparat/wwwDir/sdss/elg/stacks/KZ/v2/catalog_lowz_comp.dat
R= 4343.0
[6691. 6691. 5962. ... 5129. 4406. 6008.] [56413. 56413. 56265. ... 55864. 55858. 56093.] [156. 158. 877. ... 216. 928. 511.] [0.28100073 0.26119637 0.30529398 ... 0.06855507 0.04521945 0.06341419]
value / file not found error ! 6691.0 56413.0 505.0
value / file not found error ! 7604.0 56947.0 844.0
value / file not found error ! 6691.0 56413.0 774.0
value / file not found error ! 6691.0 56413.0 980.0
value / file not found error ! 5963.0 56191.0 717.0
value / file not found error ! 10000.0 57346.0 993.0
value / file not found error ! 5048.0 56218.0 319.0
value / file not found error ! 6692.0 56390.0 980.0
value / file not found error ! 7606.0 56977.0 808.0
value / file not found error ! 4362.0 55828.0 779.0
value / file not found error ! 4362.0 55828.0 808.0
value / file not found error ! 4363.0 55537.0 38.0
value / file not found error ! 7607.0 56902.0 756.0
value / file not found error ! 5966.0 56101.0 232.0
value / file not found error ! 5049.0 56103.0 980.0
value / file not found error ! 4363.0 55537.0 756.0
value / file not found error ! 5050.0 56215.0 319.0
value / file not found error ! 5050.0 56215.0 808.0
value / file not found error ! 6695.0 56628.0 584.0
value / file not found error ! 4365.0 55539.0 1.0
value / file not found error ! 7609.0 56959.0 511.0
value / file not found error ! 3590.0 55201.0 237.0
value / file not found error ! 3590.0 55201.0 269.0
value / file not found error ! 5052.0 55857.0 1.0
value / file not found error ! 7609.0 56959.0 950.0
value / file not found error ! 6696.0 56398.0 980.0
value / file not found error ! 4366.0 55536.0 179.0
value / file not found error ! 5052.0 55857.0 511.0
value / file not found error ! 7610.0 56980.0 475.0
value / file not found error ! 6697.0 56419.0 221.0
value / file not found error ! 5052.0 55857.0 717.0
value / file not found error ! 6697.0 56419.0 505.0
value / file not found error ! 6697.0 56419.0 507.0
value / file not found error ! 7610.0 56980.0 850.0
value / file not found error ! 6697.0 56419.0 756.0
value / file not found error ! 5969.0 56069.0 541.0
value / file not found error ! 7611.0 56946.0 172.0
value / file not found error ! 5053.0 56213.0 319.0
value / file not found error ! 6697.0 56419.0 980.0
value / file not found error ! 6698.0 56637.0 16.0
value / file not found error ! 5969.0 56069.0 1000.0
value / file not found error ! 5053.0 56213.0 808.0
value / file not found error ! 6698.0 56637.0 656.0
value / file not found error ! 7612.0 56972.0 426.0
value / file not found error ! 5970.0 56072.0 38.0
value / file not found error ! 6699.0 56411.0 505.0
value / file not found error ! 3615.0 55179.0 796.0
value / file not found error ! 5970.0 56072.0 774.0
value / file not found error ! 6700.0 56384.0 114.0
value / file not found error ! 5055.0 55889.0 717.0
value / file not found error ! 5971.0 56064.0 221.0
value / file not found error ! 5056.0 55921.0 1.0
value / file not found error ! 4369.0 55827.0 743.0
value / file not found error ! 7613.0 56988.0 944.0
value / file not found error ! 7613.0 56988.0 954.0
value / file not found error ! 7613.0 56988.0 968.0
value / file not found error ! 6700.0 56384.0 756.0
value / file not found error ! 6701.0 56367.0 1.0
value / file not found error ! 5056.0 55921.0 511.0
value / file not found error ! 5971.0 56064.0 980.0
value / file not found error ! 5972.0 56334.0 10.0
value / file not found error ! 5972.0 56334.0 734.0
value / file not found error ! 5057.0 56209.0 453.0
value / file not found error ! 7615.0 56977.0 351.0
value / file not found error ! 5972.0 56334.0 894.0
value / file not found error ! 7616.0 56902.0 1.0
value / file not found error ! 6703.0 56636.0 426.0
value / file not found error ! 7616.0 56902.0 950.0
value / file not found error ! 4372.0 55541.0 808.0
value / file not found error ! 7616.0 56902.0 993.0
value / file not found error ! 7617.0 56949.0 221.0
value / file not found error ! 6704.0 56388.0 114.0
value / file not found error ! 7617.0 56949.0 541.0
value / file not found error ! 5060.0 56181.0 38.0
value / file not found error ! 6704.0 56388.0 756.0
value / file not found error ! 6704.0 56388.0 774.0
value / file not found error ! 5060.0 56181.0 541.0
value / file not found error ! 7618.0 56898.0 511.0
value / file not found error ! 5060.0 56181.0 756.0
value / file not found error ! 4374.0 55883.0 541.0
value / file not found error ! 7618.0 56898.0 717.0
value / file not found error ! 7618.0 56898.0 950.0
value / file not found error ! 7618.0 56898.0 968.0
value / file not found error ! 7618.0 56898.0 993.0
value / file not found error ! 6706.0 56385.0 38.0
value / file not found error ! 4375.0 55889.0 221.0
value / file not found error ! 5977.0 56098.0 172.0
value / file not found error ! 7619.0 56900.0 968.0
value / file not found error ! 5062.0 55803.0 517.0
value / file not found error ! 6707.0 56383.0 221.0
value / file not found error ! 5978.0 56073.0 38.0
value / file not found error ! 5978.0 56073.0 221.0
value / file not found error ! 3647.0 55241.0 782.0
value / file not found error ! 5978.0 56073.0 774.0
value / file not found error ! 5064.0 55864.0 221.0
value / file not found error ! 5064.0 55864.0 541.0
value / file not found error ! 4379.0 55881.0 1.0
value / file not found error ! 5066.0 55749.0 38.0
value / file not found error ! 7623.0 56901.0 950.0
value / file not found error ! 6710.0 56416.0 764.0
value / file not found error ! 5981.0 56340.0 656.0
value / file not found error ! 5981.0 56340.0 734.0
value / file not found error ! 5982.0 56074.0 221.0
value / file not found error ! 6711.0 56388.0 764.0
value / file not found error ! 7625.0 57011.0 351.0
value / file not found error ! 7625.0 57011.0 426.0
value / file not found error ! 5983.0 56310.0 35.0
value / file not found error ! 5983.0 56310.0 734.0
value / file not found error ! 5068.0 55749.0 517.0
value / file not found error ! 5983.0 56310.0 880.0
value / file not found error ! 6713.0 56402.0 656.0
value / file not found error ! 6713.0 56402.0 734.0
value / file not found error ! 7627.0 56933.0 591.0
value / file not found error ! 4383.0 55881.0 756.0
value / file not found error ! 7628.0 56978.0 372.0
value / file not found error ! 4384.0 56105.0 538.0
value / file not found error ! 4384.0 56105.0 656.0
value / file not found error ! 4385.0 55752.0 38.0
value / file not found error ! 3651.0 55247.0 782.0
value / file not found error ! 6716.0 56401.0 35.0
value / file not found error ! 6716.0 56401.0 656.0
value / file not found error ! 6716.0 56401.0 734.0
value / file not found error ! 6717.0 56397.0 734.0
value / file not found error ! 6718.0 56398.0 172.0
value / file not found error ! 4387.0 55534.0 850.0
value / file not found error ! 5110.0 55913.0 285.0
value / file not found error ! 5989.0 56312.0 850.0
value / file not found error ! 7633.0 56931.0 232.0
value / file not found error ! 7633.0 56931.0 591.0
value / file not found error ! 5991.0 56076.0 221.0
value / file not found error ! 5991.0 56076.0 507.0
value / file not found error ! 5991.0 56076.0 541.0
value / file not found error ! 5991.0 56076.0 774.0
value / file not found error ! 5991.0 56076.0 980.0
value / file not found error ! 5992.0 56066.0 774.0
value / file not found error ! 6722.0 56431.0 172.0
value / file not found error ! 5992.0 56066.0 980.0
value / file not found error ! 7635.0 56979.0 656.0
value / file not found error ! 7635.0 56979.0 768.0
value / file not found error ! 5113.0 55924.0 980.0
value / file not found error ! 7637.0 56933.0 426.0
value / file not found error ! 4393.0 55944.0 319.0
value / file not found error ! 5995.0 56093.0 1.0
value / file not found error ! 7637.0 56933.0 963.0
value / file not found error ! 3662.0 55182.0 850.0
value / file not found error ! 7638.0 56981.0 656.0
value / file not found error ! 7639.0 57297.0 507.0
value / file not found error ! 5997.0 56309.0 38.0
value / file not found error ! 4395.0 55828.0 507.0
value / file not found error ! 5997.0 56309.0 505.0
value / file not found error ! 5997.0 56309.0 507.0
value / file not found error ! 5997.0 56309.0 756.0
value / file not found error ! 5118.0 55830.0 538.0
value / file not found error ! 5997.0 56309.0 980.0
value / file not found error ! 5998.0 56087.0 1.0
value / file not found error ! 6727.0 56369.0 601.0
value / file not found error ! 7641.0 57307.0 47.0
value / file not found error ! 6727.0 56369.0 880.0
value / file not found error ! 7641.0 57307.0 964.0
value / file not found error ! 4397.0 55921.0 885.0
value / file not found error ! 4397.0 55921.0 936.0
value / file not found error ! 3666.0 55185.0 850.0
value / file not found error ! 6729.0 56419.0 10.0
value / file not found error ! 4398.0 55946.0 221.0
value / file not found error ! 7643.0 57302.0 541.0
value / file not found error ! 4398.0 55946.0 507.0
value / file not found error ! 4398.0 55946.0 541.0
value / file not found error ! 4398.0 55946.0 756.0
value / file not found error ! 6729.0 56419.0 656.0
value / file not found error ! 3667.0 55566.0 136.0
value / file not found error ! 6001.0 56072.0 808.0
value / file not found error ! 3667.0 55566.0 963.0
value / file not found error ! 6001.0 56072.0 850.0
value / file not found error ! 5123.0 55841.0 1.0
value / file not found error ! 6731.0 56385.0 601.0
value / file not found error ! 6731.0 56385.0 880.0
value / file not found error ! 7653.0 57306.0 445.0
value / file not found error ! 6003.0 56311.0 10.0
value / file not found error ! 6732.0 56370.0 601.0
value / file not found error ! 6732.0 56370.0 882.0
value / file not found error ! 7654.0 57330.0 541.0
value / file not found error ! 6004.0 56066.0 1.0
value / file not found error ! 7654.0 57330.0 886.0
value / file not found error ! 7655.0 57336.0 756.0
value / file not found error ! 6734.0 56386.0 602.0
value / file not found error ! 6734.0 56386.0 656.0
value / file not found error ! 7656.0 57338.0 505.0
value / file not found error ! 3672.0 55484.0 221.0
value / file not found error ! 3672.0 55484.0 541.0
value / file not found error ! 4405.0 55854.0 850.0
value / file not found error ! 7658.0 57312.0 491.0
value / file not found error ! 7658.0 57312.0 553.0
value / file not found error ! 4406.0 55858.0 517.0
value / file not found error ! 6737.0 56365.0 601.0
value / file not found error ! 7659.0 57060.0 47.0
/home/comparat/wwwDir/sdss/elg/stacks/KZ/v2/catalog_lowz_comp.stack
now stacks
stack written to /home/comparat/wwwDir/sdss/elg/stacks/KZ/v2/catalog_lowz_comp.stack
input list: /home/comparat/wwwDir/sdss/elg/stacks/KZ/v2/catalog_lowz_liner.dat
R= 4343.0
[6691. 5059. 6717. ... 5122. 4399. 4373.] [56413. 56190. 56397. ... 55841. 55811. 55811.] [154. 613. 368. ... 262. 978. 321.] [0.30520043 0.30652633 0.2873077  ... 0.2667129  0.29964468 0.30942526]
value / file not found error ! 5962.0 56265.0 980.0
value / file not found error ! 7604.0 56947.0 850.0
value / file not found error ! 6002.0 56104.0 1.0
value / file not found error ! 7617.0 56949.0 886.0
value / file not found error ! 6691.0 56413.0 756.0
value / file not found error ! 5060.0 56181.0 221.0
value / file not found error ! 7648.0 57329.0 954.0
value / file not found error ! 7605.0 56949.0 319.0
value / file not found error ! 7648.0 57329.0 980.0
value / file not found error ! 6731.0 56385.0 734.0
value / file not found error ! 6704.0 56388.0 980.0
value / file not found error ! 6692.0 56390.0 114.0
value / file not found error ! 10000.0 57346.0 968.0
value / file not found error ! 7605.0 56949.0 445.0
value / file not found error ! 4361.0 55831.0 517.0
value / file not found error ! 6002.0 56104.0 717.0
value / file not found error ! 6705.0 56636.0 601.0
value / file not found error ! 5123.0 55841.0 717.0
value / file not found error ! 6693.0 56384.0 1.0
value / file not found error ! 6719.0 56390.0 602.0
value / file not found error ! 7654.0 57330.0 507.0
value / file not found error ! 7620.0 56904.0 38.0
value / file not found error ! 5965.0 56190.0 717.0
value / file not found error ! 6707.0 56383.0 114.0
value / file not found error ! 7620.0 56904.0 505.0
value / file not found error ! 6694.0 56386.0 114.0
value / file not found error ! 7655.0 57336.0 38.0
value / file not found error ! 7620.0 56904.0 756.0
value / file not found error ! 6707.0 56383.0 507.0
value / file not found error ! 7620.0 56904.0 886.0
value / file not found error ! 6707.0 56383.0 980.0
value / file not found error ! 4390.0 55948.0 221.0
value / file not found error ! 6734.0 56386.0 764.0
value / file not found error ! 3589.0 55186.0 184.0
value / file not found error ! 5050.0 56215.0 850.0
value / file not found error ! 7656.0 57338.0 541.0
value / file not found error ! 5113.0 55924.0 507.0
value / file not found error ! 6696.0 56398.0 38.0
value / file not found error ! 6696.0 56398.0 114.0
value / file not found error ! 5113.0 55924.0 780.0
value / file not found error ! 5993.0 56070.0 850.0
value / file not found error ! 6697.0 56419.0 38.0
value / file not found error ! 5981.0 56340.0 35.0
value / file not found error ! 5994.0 56101.0 1.0
value / file not found error ! 7623.0 56901.0 954.0
value / file not found error ! 5969.0 56069.0 221.0
value / file not found error ! 5969.0 56069.0 317.0
value / file not found error ! 6737.0 56365.0 538.0
value / file not found error ! 6737.0 56365.0 656.0
value / file not found error ! 7658.0 57312.0 963.0
value / file not found error ! 4367.0 55566.0 221.0
value / file not found error ! 7612.0 56972.0 768.0
value / file not found error ! 7625.0 57011.0 963.0
value / file not found error ! 7612.0 56972.0 963.0
value / file not found error ! 7626.0 56934.0 426.0
value / file not found error ! 4395.0 55828.0 221.0
value / file not found error ! 5970.0 56072.0 756.0
value / file not found error ! 7639.0 57297.0 505.0
value / file not found error ! 5997.0 56309.0 221.0
value / file not found error ! 4395.0 55828.0 756.0
value / file not found error ! 5997.0 56309.0 541.0
value / file not found error ! 7613.0 56988.0 980.0
value / file not found error ! 7613.0 56988.0 993.0
value / file not found error ! 5971.0 56064.0 756.0
value / file not found error ! 7614.0 57307.0 426.0
value / file not found error ! 6702.0 56381.0 1.0
value / file not found error ! 7628.0 56978.0 768.0
value / file not found error ! 7615.0 56977.0 768.0
value / file not found error ! 3651.0 55247.0 541.0
value / file not found error ! 7643.0 57302.0 505.0
value / file not found error ! 6716.0 56401.0 880.0
value / file not found error ! 7648.0 57329.0 1.0
/home/comparat/wwwDir/sdss/elg/stacks/KZ/v2/catalog_lowz_liner.stack
now stacks
stack written to /home/comparat/wwwDir/sdss/elg/stacks/KZ/v2/catalog_lowz_liner.stack
input list: /home/comparat/wwwDir/sdss/elg/stacks/KZ/v2/catalog_lowz_sf.dat
R= 4343.0
[7604. 4360. 5046. ... 5129. 6737. 7659.] [56947. 55539. 56243. ... 55864. 56365. 57060.] [445. 296. 589. ... 212. 790.  87.] [0.         0.10917316 0.1032108  ... 0.10799083 0.17082928 0.2755223 ]
value / file not found error ! 7604.0 56947.0 445.0
value / file not found error ! 6691.0 56413.0 221.0
value / file not found error ! 5963.0 56191.0 1.0
value / file not found error ! 4360.0 55539.0 541.0
value / file not found error ! 6691.0 56413.0 507.0
value / file not found error ! 6691.0 56413.0 541.0
value / file not found error ! 4360.0 55539.0 756.0
value / file not found error ! 10000.0 57346.0 511.0
value / file not found error ! 10000.0 57346.0 717.0
value / file not found error ! 6692.0 56390.0 38.0
value / file not found error ! 10000.0 57346.0 911.0
value / file not found error ! 10000.0 57346.0 950.0
value / file not found error ! 10000.0 57346.0 954.0
value / file not found error ! 10000.0 57346.0 980.0
value / file not found error ! 6692.0 56390.0 541.0
value / file not found error ! 6692.0 56390.0 756.0
value / file not found error ! 6692.0 56390.0 774.0
value / file not found error ! 7606.0 56977.0 445.0
value / file not found error ! 4362.0 55828.0 319.0
value / file not found error ! 6693.0 56384.0 205.0
value / file not found error ! 5048.0 56218.0 850.0
value / file not found error ! 7606.0 56977.0 850.0
value / file not found error ! 5049.0 56103.0 38.0
value / file not found error ! 4362.0 55828.0 850.0
value / file not found error ! 6693.0 56384.0 717.0
value / file not found error ! 7607.0 56902.0 38.0
value / file not found error ! 5049.0 56103.0 221.0
value / file not found error ! 7607.0 56902.0 114.0
value / file not found error ! 7607.0 56902.0 221.0
value / file not found error ! 5049.0 56103.0 507.0
value / file not found error ! 4363.0 55537.0 221.0
value / file not found error ! 5049.0 56103.0 541.0
value / file not found error ! 7607.0 56902.0 505.0
value / file not found error ! 7607.0 56902.0 507.0
value / file not found error ! 6694.0 56386.0 221.0
value / file not found error ! 7607.0 56902.0 541.0
value / file not found error ! 4363.0 55537.0 541.0
value / file not found error ! 7607.0 56902.0 774.0
value / file not found error ! 6694.0 56386.0 505.0
value / file not found error ! 6694.0 56386.0 507.0
value / file not found error ! 6694.0 56386.0 541.0
value / file not found error ! 7607.0 56902.0 886.0
value / file not found error ! 7607.0 56902.0 980.0
value / file not found error ! 6694.0 56386.0 980.0
value / file not found error ! 7608.0 56945.0 533.0
value / file not found error ! 7609.0 56959.0 1.0
value / file not found error ! 6695.0 56628.0 764.0
value / file not found error ! 7609.0 56959.0 205.0
value / file not found error ! 5967.0 56063.0 717.0
value / file not found error ! 3589.0 55186.0 898.0
value / file not found error ! 6696.0 56398.0 221.0
value / file not found error ! 5051.0 56214.0 656.0
value / file not found error ! 5051.0 56214.0 764.0
value / file not found error ! 7609.0 56959.0 717.0
value / file not found error ! 6696.0 56398.0 507.0
value / file not found error ! 6696.0 56398.0 541.0
value / file not found error ! 7609.0 56959.0 954.0
value / file not found error ! 7609.0 56959.0 968.0
value / file not found error ! 7609.0 56959.0 980.0
value / file not found error ! 7609.0 56959.0 993.0
value / file not found error ! 5968.0 56356.0 419.0
value / file not found error ! 6696.0 56398.0 756.0
value / file not found error ! 4366.0 55536.0 1.0
value / file not found error ! 5968.0 56356.0 764.0
value / file not found error ! 7610.0 56980.0 407.0
value / file not found error ! 7610.0 56980.0 445.0
value / file not found error ! 7610.0 56980.0 808.0
value / file not found error ! 6697.0 56419.0 541.0
value / file not found error ! 3606.0 55182.0 698.0
value / file not found error ! 6698.0 56637.0 10.0
value / file not found error ! 6698.0 56637.0 35.0
value / file not found error ! 5969.0 56069.0 774.0
value / file not found error ! 5969.0 56069.0 923.0
value / file not found error ! 7611.0 56946.0 533.0
value / file not found error ! 5969.0 56069.0 973.0
value / file not found error ! 5969.0 56069.0 980.0
value / file not found error ! 5969.0 56069.0 993.0
value / file not found error ! 5970.0 56046.0 1.0
value / file not found error ! 5053.0 56213.0 779.0
value / file not found error ! 5053.0 56213.0 850.0
value / file not found error ! 4367.0 55566.0 756.0
value / file not found error ! 5970.0 56046.0 511.0
value / file not found error ! 6698.0 56637.0 880.0
value / file not found error ! 5970.0 56046.0 717.0
value / file not found error ! 5054.0 56191.0 453.0
value / file not found error ! 7612.0 56972.0 351.0
value / file not found error ! 4368.0 55559.0 221.0
value / file not found error ! 6699.0 56411.0 114.0
value / file not found error ! 6699.0 56411.0 221.0
value / file not found error ! 7612.0 56972.0 602.0
value / file not found error ! 7612.0 56972.0 656.0
value / file not found error ! 4368.0 55559.0 541.0
value / file not found error ! 7612.0 56972.0 764.0
value / file not found error ! 6699.0 56411.0 507.0
value / file not found error ! 5970.0 56072.0 221.0
value / file not found error ! 6699.0 56411.0 541.0
value / file not found error ! 5055.0 55889.0 1.0
value / file not found error ! 4368.0 55559.0 756.0
value / file not found error ! 7613.0 56988.0 1.0
value / file not found error ! 6699.0 56411.0 756.0
value / file not found error ! 5970.0 56072.0 541.0
value / file not found error ! 7613.0 56988.0 205.0
value / file not found error ! 6700.0 56384.0 38.0
value / file not found error ! 5055.0 55889.0 511.0
value / file not found error ! 6700.0 56384.0 159.0
value / file not found error ! 6700.0 56384.0 221.0
value / file not found error ! 5055.0 55889.0 747.0
value / file not found error ! 7613.0 56988.0 717.0
value / file not found error ! 6700.0 56384.0 505.0
value / file not found error ! 6700.0 56384.0 507.0
value / file not found error ! 6700.0 56384.0 541.0
value / file not found error ! 6700.0 56384.0 774.0
value / file not found error ! 5971.0 56064.0 541.0
value / file not found error ! 4370.0 55534.0 1.0
value / file not found error ! 6700.0 56384.0 980.0
value / file not found error ! 5971.0 56064.0 774.0
value / file not found error ! 6701.0 56367.0 205.0
value / file not found error ! 5056.0 55921.0 717.0
value / file not found error ! 7614.0 57307.0 963.0
value / file not found error ! 6701.0 56367.0 717.0
value / file not found error ! 5972.0 56334.0 601.0
value / file not found error ! 7615.0 56977.0 426.0
value / file not found error ! 5972.0 56334.0 880.0
value / file not found error ! 6702.0 56381.0 205.0
value / file not found error ! 7615.0 56977.0 656.0
value / file not found error ! 7615.0 56977.0 764.0
value / file not found error ! 5973.0 56067.0 221.0
value / file not found error ! 6702.0 56381.0 511.0
value / file not found error ! 7615.0 56977.0 963.0
value / file not found error ! 6702.0 56381.0 717.0
value / file not found error ! 5973.0 56067.0 507.0
value / file not found error ! 7616.0 56902.0 205.0
value / file not found error ! 5973.0 56067.0 774.0
value / file not found error ! 4372.0 55541.0 319.0
value / file not found error ! 7616.0 56902.0 511.0
value / file not found error ! 7616.0 56902.0 535.0
value / file not found error ! 6703.0 56636.0 656.0
value / file not found error ! 7616.0 56902.0 944.0
value / file not found error ! 7616.0 56902.0 954.0
value / file not found error ! 7616.0 56902.0 968.0
value / file not found error ! 7616.0 56902.0 980.0
value / file not found error ! 4372.0 55541.0 850.0
value / file not found error ! 6703.0 56636.0 764.0
value / file not found error ! 3615.0 56219.0 656.0
value / file not found error ! 5059.0 56190.0 453.0
value / file not found error ! 6704.0 56388.0 221.0
value / file not found error ! 7617.0 56949.0 505.0
value / file not found error ! 7617.0 56949.0 507.0
value / file not found error ! 6704.0 56388.0 505.0
value / file not found error ! 6704.0 56388.0 507.0
value / file not found error ! 6704.0 56388.0 541.0
value / file not found error ! 7617.0 56949.0 980.0
value / file not found error ! 7618.0 56898.0 1.0
value / file not found error ! 4374.0 55883.0 38.0
value / file not found error ! 7618.0 56898.0 205.0
value / file not found error ! 5975.0 56334.0 787.0
value / file not found error ! 5060.0 56181.0 507.0
value / file not found error ! 4374.0 55883.0 221.0
value / file not found error ! 5060.0 56181.0 774.0
value / file not found error ! 4374.0 55883.0 507.0
value / file not found error ! 5060.0 56181.0 980.0
value / file not found error ! 4374.0 55883.0 756.0
value / file not found error ! 6705.0 56636.0 656.0
value / file not found error ! 7618.0 56898.0 944.0
value / file not found error ! 7618.0 56898.0 954.0
value / file not found error ! 3639.0 55205.0 541.0
value / file not found error ! 3639.0 55205.0 543.0
value / file not found error ! 7618.0 56898.0 980.0
value / file not found error ! 7619.0 56900.0 1.0
value / file not found error ! 6705.0 56636.0 734.0
value / file not found error ! 4374.0 55883.0 980.0
value / file not found error ! 6705.0 56636.0 880.0
value / file not found error ! 7619.0 56900.0 205.0
value / file not found error ! 5061.0 55806.0 517.0
value / file not found error ! 6706.0 56385.0 114.0
value / file not found error ! 6706.0 56385.0 221.0
value / file not found error ! 4375.0 55889.0 507.0
value / file not found error ! 3647.0 55181.0 221.0
value / file not found error ! 4375.0 55889.0 541.0
value / file not found error ! 6706.0 56385.0 505.0
value / file not found error ! 6706.0 56385.0 507.0
value / file not found error ! 6706.0 56385.0 541.0
value / file not found error ! 4375.0 55889.0 756.0
value / file not found error ! 7619.0 56900.0 944.0
value / file not found error ! 7619.0 56900.0 954.0
value / file not found error ! 7619.0 56900.0 950.0
value / file not found error ! 3647.0 55181.0 541.0
value / file not found error ! 7619.0 56900.0 980.0
value / file not found error ! 7619.0 56900.0 993.0
value / file not found error ! 6706.0 56385.0 774.0
value / file not found error ! 7620.0 56904.0 114.0
value / file not found error ! 4375.0 55889.0 980.0
value / file not found error ! 4376.0 55863.0 1.0
value / file not found error ! 7620.0 56904.0 221.0
value / file not found error ! 6706.0 56385.0 980.0
value / file not found error ! 6707.0 56383.0 38.0
value / file not found error ! 7620.0 56904.0 507.0
value / file not found error ! 4376.0 55863.0 678.0
value / file not found error ! 4376.0 55863.0 717.0
value / file not found error ! 3647.0 55241.0 541.0
value / file not found error ! 7620.0 56904.0 980.0
value / file not found error ! 6707.0 56383.0 756.0
value / file not found error ! 6707.0 56383.0 774.0
value / file not found error ! 5978.0 56073.0 507.0
value / file not found error ! 5978.0 56073.0 541.0
value / file not found error ! 5978.0 56073.0 756.0
value / file not found error ! 7621.0 56985.0 453.0
value / file not found error ! 5978.0 56073.0 980.0
value / file not found error ! 4377.0 55828.0 517.0
value / file not found error ! 5979.0 56329.0 172.0
value / file not found error ! 4377.0 55828.0 780.0
value / file not found error ! 6708.0 56452.0 656.0
value / file not found error ! 5064.0 55864.0 507.0
value / file not found error ! 7622.0 56987.0 453.0
value / file not found error ! 6681.0 56419.0 717.0
value / file not found error ! 5064.0 55864.0 756.0
value / file not found error ! 5064.0 55864.0 980.0
value / file not found error ! 7623.0 56901.0 1.0
value / file not found error ! 7623.0 56901.0 205.0
value / file not found error ! 4379.0 55881.0 511.0
value / file not found error ! 4379.0 55881.0 717.0
value / file not found error ! 6710.0 56416.0 656.0
value / file not found error ! 7623.0 56901.0 944.0
value / file not found error ! 7623.0 56901.0 968.0
value / file not found error ! 7623.0 56901.0 980.0
value / file not found error ! 7623.0 56901.0 993.0
value / file not found error ! 7624.0 57039.0 47.0
value / file not found error ! 5066.0 55749.0 221.0
value / file not found error ! 5981.0 56340.0 601.0
value / file not found error ! 5066.0 55749.0 541.0
value / file not found error ! 5981.0 56340.0 880.0
value / file not found error ! 4380.0 55857.0 319.0
value / file not found error ! 3647.0 56219.0 172.0
value / file not found error ! 5066.0 55749.0 756.0
value / file not found error ! 6711.0 56388.0 602.0
value / file not found error ! 4380.0 55857.0 779.0
value / file not found error ! 6711.0 56388.0 656.0
value / file not found error ! 4380.0 55857.0 808.0
value / file not found error ! 4380.0 55857.0 850.0
value / file not found error ! 5982.0 56074.0 541.0
value / file not found error ! 5982.0 56074.0 756.0
value / file not found error ! 5982.0 56074.0 774.0
value / file not found error ! 4381.0 55824.0 319.0
value / file not found error ! 5982.0 56074.0 980.0
value / file not found error ! 7625.0 57011.0 764.0
value / file not found error ! 7625.0 57011.0 768.0
value / file not found error ! 4381.0 55824.0 779.0
value / file not found error ! 4381.0 55824.0 850.0
value / file not found error ! 3647.0 56568.0 601.0
value / file not found error ! 3647.0 56568.0 656.0
value / file not found error ! 3647.0 56568.0 734.0
value / file not found error ! 5983.0 56310.0 601.0
value / file not found error ! 5983.0 56310.0 656.0
value / file not found error ! 3647.0 56568.0 880.0
value / file not found error ! 7626.0 56934.0 351.0
value / file not found error ! 5984.0 56337.0 1.0
value / file not found error ! 3647.0 56596.0 172.0
value / file not found error ! 7626.0 56934.0 656.0
value / file not found error ! 7626.0 56934.0 768.0
value / file not found error ! 6713.0 56402.0 601.0
value / file not found error ! 7626.0 56934.0 963.0
value / file not found error ! 4382.0 55742.0 850.0
value / file not found error ! 5069.0 56211.0 319.0
value / file not found error ! 7627.0 56933.0 232.0
value / file not found error ! 5984.0 56337.0 717.0
value / file not found error ! 3647.0 56596.0 884.0
value / file not found error ! 4383.0 55881.0 221.0
value / file not found error ! 3650.0 55244.0 38.0
value / file not found error ! 5069.0 56211.0 779.0
value / file not found error ! 4383.0 55881.0 507.0
value / file not found error ! 5069.0 56211.0 808.0
value / file not found error ! 4383.0 55881.0 541.0
value / file not found error ! 5069.0 56211.0 850.0
value / file not found error ! 5985.0 56089.0 172.0
value / file not found error ! 6714.0 56447.0 656.0
value / file not found error ! 3650.0 55244.0 541.0
value / file not found error ! 6714.0 56447.0 764.0
value / file not found error ! 4383.0 55881.0 980.0
value / file not found error ! 4384.0 56105.0 16.0
value / file not found error ! 7628.0 56978.0 351.0
value / file not found error ! 5106.0 55833.0 538.0
value / file not found error ! 7628.0 56978.0 426.0
value / file not found error ! 5106.0 55833.0 601.0
value / file not found error ! 7628.0 56978.0 656.0
value / file not found error ! 3651.0 55247.0 221.0
value / file not found error ! 5106.0 55833.0 880.0
value / file not found error ! 4384.0 56105.0 601.0
value / file not found error ! 5107.0 55940.0 1.0
value / file not found error ! 6715.0 56449.0 656.0
value / file not found error ! 4384.0 56105.0 880.0
value / file not found error ! 6715.0 56449.0 764.0
value / file not found error ! 5107.0 55940.0 291.0
value / file not found error ! 6716.0 56401.0 10.0
value / file not found error ! 6716.0 56401.0 16.0
value / file not found error ! 4385.0 55752.0 221.0
value / file not found error ! 7629.0 56988.0 453.0
value / file not found error ! 5107.0 55940.0 717.0
value / file not found error ! 4385.0 55752.0 541.0
value / file not found error ! 6716.0 56401.0 601.0
value / file not found error ! 4385.0 55752.0 756.0
value / file not found error ! 3655.0 55240.0 556.0
value / file not found error ! 3655.0 55240.0 632.0
value / file not found error ! 4385.0 55752.0 980.0
value / file not found error ! 3655.0 55240.0 779.0
value / file not found error ! 3655.0 55240.0 850.0
value / file not found error ! 5988.0 56072.0 1.0
value / file not found error ! 7630.0 57006.0 808.0
value / file not found error ! 7630.0 57006.0 850.0
value / file not found error ! 6717.0 56397.0 601.0
value / file not found error ! 3656.0 55241.0 483.0
value / file not found error ! 6717.0 56397.0 656.0
value / file not found error ! 7631.0 57279.0 47.0
value / file not found error ! 3656.0 55241.0 632.0
value / file not found error ! 6717.0 56397.0 880.0
value / file not found error ! 5109.0 55892.0 319.0
value / file not found error ! 6717.0 56397.0 961.0
value / file not found error ! 6717.0 56397.0 969.0
value / file not found error ! 5988.0 56072.0 717.0
value / file not found error ! 4387.0 55534.0 319.0
value / file not found error ! 3657.0 55244.0 44.0
value / file not found error ! 5989.0 56312.0 15.0
value / file not found error ! 5109.0 55892.0 808.0
value / file not found error ! 5109.0 55892.0 850.0
value / file not found error ! 4387.0 55534.0 808.0
value / file not found error ! 3657.0 55244.0 894.0
value / file not found error ! 7632.0 56987.0 351.0
value / file not found error ! 5989.0 56312.0 846.0
value / file not found error ! 4388.0 55536.0 319.0
value / file not found error ! 7632.0 56987.0 764.0
value / file not found error ! 7632.0 56987.0 768.0
value / file not found error ! 3658.0 55205.0 404.0
value / file not found error ! 6719.0 56390.0 656.0
value / file not found error ! 7632.0 56987.0 963.0
value / file not found error ! 4388.0 55536.0 850.0
value / file not found error ! 4389.0 55539.0 517.0
value / file not found error ! 5112.0 55895.0 319.0
value / file not found error ! 4390.0 55948.0 38.0
value / file not found error ! 3659.0 55181.0 779.0
value / file not found error ! 3659.0 55181.0 850.0
value / file not found error ! 7634.0 56935.0 319.0
value / file not found error ! 5991.0 56076.0 756.0
value / file not found error ! 7634.0 56935.0 422.0
value / file not found error ! 7634.0 56935.0 533.0
value / file not found error ! 5112.0 55895.0 808.0
value / file not found error ! 4390.0 55948.0 541.0
value / file not found error ! 5112.0 55895.0 850.0
value / file not found error ! 5113.0 55924.0 38.0
value / file not found error ! 5113.0 55924.0 221.0
value / file not found error ! 5992.0 56066.0 541.0
value / file not found error ! 4390.0 55948.0 980.0
value / file not found error ! 5992.0 56066.0 682.0
value / file not found error ! 5992.0 56066.0 756.0
value / file not found error ! 7635.0 56979.0 351.0
value / file not found error ! 7635.0 56979.0 426.0
value / file not found error ! 5113.0 55924.0 756.0
value / file not found error ! 7635.0 56979.0 764.0
value / file not found error ! 5114.0 55883.0 193.0
value / file not found error ! 5114.0 55883.0 199.0
value / file not found error ! 6722.0 56431.0 930.0
value / file not found error ! 5993.0 56070.0 808.0
value / file not found error ! 7636.0 56989.0 533.0
value / file not found error ! 3661.0 55614.0 517.0
value / file not found error ! 7637.0 56933.0 351.0
value / file not found error ! 7637.0 56933.0 656.0
value / file not found error ! 7637.0 56933.0 764.0
value / file not found error ! 7637.0 56933.0 768.0
value / file not found error ! 3662.0 55182.0 471.0
value / file not found error ! 4393.0 55944.0 808.0
value / file not found error ! 4393.0 55944.0 850.0
value / file not found error ! 4394.0 55924.0 1.0
value / file not found error ! 3662.0 55182.0 729.0
value / file not found error ! 3662.0 55182.0 735.0
value / file not found error ! 3662.0 55182.0 737.0
value / file not found error ! 4394.0 55924.0 99.0
value / file not found error ! 6725.0 56390.0 232.0
value / file not found error ! 7638.0 56981.0 764.0
value / file not found error ! 7638.0 56981.0 768.0
value / file not found error ! 4394.0 55924.0 717.0
value / file not found error ! 7638.0 56981.0 963.0
value / file not found error ! 7639.0 57297.0 38.0
value / file not found error ! 7639.0 57297.0 114.0
value / file not found error ! 5117.0 55925.0 319.0
value / file not found error ! 7639.0 57297.0 541.0
value / file not found error ! 5117.0 55925.0 808.0
value / file not found error ! 5997.0 56309.0 114.0
value / file not found error ! 4395.0 55828.0 541.0
value / file not found error ! 5117.0 55925.0 850.0
value / file not found error ! 7639.0 57297.0 886.0
value / file not found error ! 5118.0 55830.0 35.0
value / file not found error ! 7639.0 57297.0 980.0
value / file not found error ! 5997.0 56309.0 774.0
value / file not found error ! 7640.0 57311.0 453.0
value / file not found error ! 5118.0 55830.0 601.0
value / file not found error ! 7640.0 57311.0 517.0
value / file not found error ! 5118.0 55830.0 880.0
value / file not found error ! 7641.0 57307.0 15.0
value / file not found error ! 6727.0 56369.0 993.0
value / file not found error ! 5998.0 56087.0 717.0
value / file not found error ! 7641.0 57307.0 949.0
value / file not found error ! 7643.0 57302.0 38.0
value / file not found error ! 3666.0 55185.0 632.0
value / file not found error ! 7643.0 57302.0 114.0
value / file not found error ! 4398.0 55946.0 38.0
value / file not found error ! 7643.0 57302.0 462.0
value / file not found error ! 6729.0 56419.0 196.0
value / file not found error ! 7643.0 57302.0 507.0
value / file not found error ! 6000.0 56102.0 1.0
value / file not found error ! 7643.0 57302.0 756.0
value / file not found error ! 6729.0 56419.0 601.0
value / file not found error ! 7643.0 57302.0 886.0
value / file not found error ! 7643.0 57302.0 980.0
value / file not found error ! 6729.0 56419.0 734.0
value / file not found error ! 4398.0 55946.0 980.0
value / file not found error ! 6729.0 56419.0 880.0
value / file not found error ! 3667.0 55186.0 850.0
value / file not found error ! 6000.0 56102.0 717.0
value / file not found error ! 7644.0 57327.0 453.0
value / file not found error ! 6730.0 56425.0 601.0
value / file not found error ! 6001.0 56072.0 319.0
value / file not found error ! 3667.0 55566.0 642.0
value / file not found error ! 6730.0 56425.0 880.0
value / file not found error ! 6001.0 56072.0 779.0
value / file not found error ! 3668.0 55478.0 114.0
value / file not found error ! 3668.0 55478.0 147.0
value / file not found error ! 7648.0 57329.0 911.0
value / file not found error ! 6731.0 56385.0 656.0
value / file not found error ! 7648.0 57329.0 944.0
value / file not found error ! 7648.0 57329.0 950.0
value / file not found error ! 7648.0 57329.0 968.0
value / file not found error ! 7648.0 57329.0 993.0
value / file not found error ! 7653.0 57306.0 319.0
value / file not found error ! 5123.0 55841.0 511.0
value / file not found error ! 6003.0 56311.0 16.0
value / file not found error ! 6003.0 56311.0 35.0
value / file not found error ! 6732.0 56370.0 656.0
value / file not found error ! 6732.0 56370.0 734.0
value / file not found error ! 7654.0 57330.0 38.0
value / file not found error ! 7654.0 57330.0 114.0
value / file not found error ! 6732.0 56370.0 880.0
value / file not found error ! 6003.0 56311.0 601.0
value / file not found error ! 6003.0 56311.0 656.0
value / file not found error ! 7654.0 57330.0 462.0
value / file not found error ! 7654.0 57330.0 505.0
value / file not found error ! 7654.0 57330.0 774.0
value / file not found error ! 7655.0 57336.0 114.0
value / file not found error ! 6004.0 56066.0 722.0
value / file not found error ! 7655.0 57336.0 462.0
value / file not found error ! 7655.0 57336.0 505.0
value / file not found error ! 7655.0 57336.0 507.0
value / file not found error ! 7655.0 57336.0 541.0
value / file not found error ! 4403.0 55536.0 517.0
value / file not found error ! 7655.0 57336.0 886.0
value / file not found error ! 6005.0 56090.0 319.0
value / file not found error ! 7655.0 57336.0 980.0
value / file not found error ! 7656.0 57338.0 38.0
value / file not found error ! 7656.0 57338.0 114.0
value / file not found error ! 6005.0 56090.0 779.0
value / file not found error ! 6005.0 56090.0 808.0
value / file not found error ! 6005.0 56090.0 850.0
value / file not found error ! 7656.0 57338.0 507.0
value / file not found error ! 3672.0 55484.0 313.0
value / file not found error ! 7656.0 57338.0 980.0
value / file not found error ! 6736.0 56366.0 16.0
value / file not found error ! 5127.0 55889.0 517.0
value / file not found error ! 7657.0 57309.0 453.0
value / file not found error ! 7657.0 57309.0 517.0
value / file not found error ! 6736.0 56366.0 538.0
value / file not found error ! 6736.0 56366.0 601.0
value / file not found error ! 6007.0 56066.0 319.0
value / file not found error ! 4405.0 55854.0 779.0
value / file not found error ! 4405.0 55854.0 782.0
value / file not found error ! 6736.0 56366.0 656.0
value / file not found error ! 6512.0 56567.0 1.0
value / file not found error ! 6736.0 56366.0 880.0
value / file not found error ! 7658.0 57312.0 351.0
value / file not found error ! 6007.0 56066.0 808.0
value / file not found error ! 7658.0 57312.0 426.0
value / file not found error ! 6007.0 56066.0 850.0
value / file not found error ! 7658.0 57312.0 656.0
value / file not found error ! 6008.0 56093.0 172.0
/home/comparat/wwwDir/sdss/elg/stacks/KZ/v2/catalog_lowz_sf.stack
now stacks
stack written to /home/comparat/wwwDir/sdss/elg/stacks/KZ/v2/catalog_lowz_sf.stack
